<?xml version="1.0" encoding="UTF-8"?>
<!-- Generated by org.testng.reporters.JUnitXMLReporter -->
<testsuite ignored="4" hostname="Nishant-Awasthi" failures="0" tests="1" name="groupTest" time="0.123" errors="0" timestamp="2025-01-07T00:07:57 IST">
  <testcase classname="day44.groupings.GroupingsMethod1" name="checkReviewLink" time="0.018"/>
  <testcase classname="day44.groupings.GroupingsMethod1" name="openFavorites" time="0.0">
    <ignored/>
  </testcase> <!-- openFavorites -->
  <testcase classname="day44.groupings.GroupingsMethod1" name="openSongsListView" time="0.0">
    <ignored/>
  </testcase> <!-- openSongsListView -->
  <testcase classname="day44.groupings.GroupingsMethod1" name="openapp" time="0.0">
    <ignored/>
  </testcase> <!-- openapp -->
  <testcase classname="day44.groupings.GroupingsMethod1" name="openSongs" time="0.0">
    <ignored/>
  </testcase> <!-- openSongs -->
</testsuite> <!-- groupTest -->
