<?xml version="1.0" encoding="UTF-8"?>
<testng-results ignored="0" total="4" passed="4" failed="0" skipped="0">
  <reporter-output>
  </reporter-output>
  <suite started-at="2025-01-05T18:25:45 IST" name="Default suite" finished-at="2025-01-05T18:26:08 IST" duration-ms="23701">
    <groups>
    </groups>
    <test started-at="2025-01-05T18:25:45 IST" name="Default test" finished-at="2025-01-05T18:26:08 IST" duration-ms="23701">
      <class name="day42.OrangeHRMTest">
        <test-method signature="openapp()[pri:1, instance:day42.OrangeHRMTest@7ce026d3]" started-at="2025-01-05T18:25:45 IST" name="openapp" finished-at="2025-01-05T18:26:03 IST" duration-ms="17972" status="PASS">
          <reporter-output>
          </reporter-output>
        </test-method> <!-- openapp -->
        <test-method signature="testlogo()[pri:2, instance:day42.OrangeHRMTest@7ce026d3]" started-at="2025-01-05T18:26:03 IST" name="testlogo" finished-at="2025-01-05T18:26:06 IST" duration-ms="3085" status="PASS">
          <reporter-output>
          </reporter-output>
        </test-method> <!-- testlogo -->
        <test-method signature="testlogin()[pri:3, instance:day42.OrangeHRMTest@7ce026d3]" started-at="2025-01-05T18:26:06 IST" name="testlogin" finished-at="2025-01-05T18:26:08 IST" duration-ms="1803" status="PASS">
          <reporter-output>
          </reporter-output>
        </test-method> <!-- testlogin -->
        <test-method signature="closeapp()[pri:4, instance:day42.OrangeHRMTest@7ce026d3]" started-at="2025-01-05T18:26:08 IST" name="closeapp" finished-at="2025-01-05T18:26:08 IST" duration-ms="701" status="PASS">
          <reporter-output>
          </reporter-output>
        </test-method> <!-- closeapp -->
      </class> <!-- day42.OrangeHRMTest -->
    </test> <!-- Default test -->
  </suite> <!-- Default suite -->
</testng-results>
