<?xml version="1.0" encoding="UTF-8"?>
<!-- Generated by org.testng.reporters.JUnitXMLReporter -->
<testsuite ignored="0" hostname="Nishant-Awasthi" failures="0" tests="3" name="chromeTest" time="23.034" errors="0" timestamp="2025-01-10T00:10:16 IST">
  <testcase classname="day45.ParamTest" name="testLogo" time="0.37"/>
  <testcase classname="day45.ParamTest" name="testURL" time="0.084"/>
  <testcase classname="day45.ParamTest" name="testTitle" time="0.131"/>
</testsuite> <!-- chromeTest -->
