<?xml version="1.0" encoding="UTF-8"?>
<!-- Generated by org.testng.reporters.JUnitXMLReporter -->
<testsuite ignored="0" hostname="Nishant-Awasthi" failures="0" tests="3" name="firefoxTest" time="26.543" errors="0" timestamp="2025-01-10T00:10:19 IST">
  <testcase classname="day45.ParamTest" name="testLogo" time="0.032"/>
  <testcase classname="day45.ParamTest" name="testURL" time="0.008"/>
  <testcase classname="day45.ParamTest" name="testTitle" time="0.013"/>
</testsuite> <!-- firefoxTest -->
