<?xml version="1.0" encoding="UTF-8"?>
<!-- Generated by org.testng.reporters.JUnitXMLReporter -->
<testsuite ignored="0" hostname="Nishant-Awasthi" failures="0" tests="3" name="ParamTest" time="16.858" errors="0" timestamp="2025-01-10T00:05:09 IST">
  <testcase classname="day45.ParamTest" name="testLogo" time="0.097"/>
  <testcase classname="day45.ParamTest" name="testURL" time="0.016"/>
  <testcase classname="day45.ParamTest" name="testTitle" time="0.014"/>
</testsuite> <!-- ParamTest -->
