<?xml version="1.0" encoding="UTF-8"?>
<!-- Generated by org.testng.reporters.JUnitXMLReporter -->
<testsuite ignored="0" hostname="Nishant-Awasthi" failures="0" tests="7" name="testcase1" time="23.221" errors="0" timestamp="2025-01-05T18:21:30 IST">
  <testcase classname="day42.OrangeHRMTest" name="openapp" time="17.308"/>
  <testcase classname="day42.OrangeHRMTest" name="testlogo" time="3.11"/>
  <testcase classname="day42.OrangeHRMTest" name="testlogin" time="1.75"/>
  <testcase classname="day42.OrangeHRMTest" name="closeapp" time="0.854"/>
  <testcase classname="day42.MyFirstTestcase" name="open" time="0.003"/>
  <testcase classname="day42.MyFirstTestcase" name="login" time="0.012"/>
  <testcase classname="day42.MyFirstTestcase" name="logout" time="0.012"/>
</testsuite> <!-- testcase1 -->
