<?xml version="1.0" encoding="UTF-8"?>
<!-- Generated by org.testng.reporters.JUnitXMLReporter -->
<testsuite ignored="0" hostname="Nishant-Awasthi" failures="0" tests="3" name="Default test" time="17.802" errors="0" timestamp="2025-01-09T23:50:55 IST">
  <testcase classname="day45.ParamTest" name="testLogo" time="0.236"/>
  <testcase classname="day45.ParamTest" name="testURL" time="0.016"/>
  <testcase classname="day45.ParamTest" name="testTitle" time="0.021"/>
</testsuite> <!-- Default test -->
