<?xml version="1.0" encoding="UTF-8"?>
<!-- Generated by org.testng.reporters.JUnitXMLReporter -->
<testsuite ignored="0" hostname="Nishant-Awasthi" failures="0" tests="4" name="Default test" time="23.701" errors="0" timestamp="2025-01-05T18:26:09 IST">
  <testcase classname="day42.OrangeHRMTest" name="openapp" time="17.972"/>
  <testcase classname="day42.OrangeHRMTest" name="testlogo" time="3.085"/>
  <testcase classname="day42.OrangeHRMTest" name="testlogin" time="1.803"/>
  <testcase classname="day42.OrangeHRMTest" name="closeapp" time="0.701"/>
</testsuite> <!-- Default test -->
